[22:51:17] [Client thread/INFO]: Setting user: Player958
[22:51:20] [Client thread/WARN]: Skipping bad option: lastServer:
[22:51:20] [Client thread/INFO]: LWJGL Version: 2.9.4
[22:51:21] [Client thread/INFO]: [STDOUT]: ---- Minecraft Crash Report ----
// Don't do that.

Time: 4/5/17 10:51 PM
Description: Loading screen debug info

This is just a prompt for computer specs to be printed. THIS IS NOT A ERROR


A detailed walkthrough of the error, its code path and all known details is as follows:
---------------------------------------------------------------------------------------

-- System Details --
Details:
	Minecraft Version: 1.11.2
	Operating System: Windows 10 (amd64) version 10.0
	Java Version: 1.8.0_121, Oracle Corporation
	Java VM Version: Java HotSpot(TM) 64-Bit Server VM (mixed mode), Oracle Corporation
	Memory: 871623920 bytes (831 MB) / 1038876672 bytes (990 MB) up to 1038876672 bytes (990 MB)
	JVM Flags: 3 total; -Xincgc -Xmx1024M -Xms1024M
	IntCache: cache: 0, tcache: 0, allocated: 0, tallocated: 0
	FML: 
	Loaded coremods (and transformers): 
	GL info: ' Vendor: 'NVIDIA Corporation' Version: '4.5.0 NVIDIA 376.53' Renderer: 'GeForce GTX 1050 Ti/PCIe/SSE2'
[22:51:23] [Client thread/INFO]: Reloading ResourceManager: Default, FMLFileResourcePack:Forge Mod Loader, FMLFileResourcePack:Minecraft Forge, FMLFileResourcePack:My Mod
[22:51:24] [Client thread/INFO]: [STDOUT]: PreInit Test
[22:51:26] [Sound Library Loader/INFO]: Starting up SoundSystem...
[22:51:26] [Thread-8/INFO]: Initializing LWJGL OpenAL
[22:51:26] [Thread-8/INFO]: (The LWJGL binding of OpenAL.  For more information, see http://www.lwjgl.org)
[22:51:26] [Thread-8/ERROR]: Error in class 'LibraryLWJGLOpenAL'
[22:51:26] [Thread-8/ERROR]: Unable to initialize OpenAL.  Probable cause: OpenAL not supported.
[22:51:26] [Thread-8/WARN]: ERROR MESSAGE:
[22:51:26] [Thread-8/INFO]: Could not locate OpenAL library.
[22:51:26] [Thread-8/WARN]: STACK TRACE:
[22:51:26] [Thread-8/INFO]: org.lwjgl.openal.AL.create(AL.java:156)
[22:51:26] [Thread-8/INFO]: org.lwjgl.openal.AL.create(AL.java:102)
[22:51:26] [Thread-8/INFO]: org.lwjgl.openal.AL.create(AL.java:206)
[22:51:26] [Thread-8/INFO]: paulscode.sound.libraries.LibraryLWJGLOpenAL.init(LibraryLWJGLOpenAL.java:164)
[22:51:26] [Thread-8/INFO]: paulscode.sound.SoundSystem.CommandNewLibrary(SoundSystem.java:1576)
[22:51:26] [Thread-8/INFO]: paulscode.sound.SoundSystem.CommandQueue(SoundSystem.java:2572)
[22:51:26] [Thread-8/INFO]: paulscode.sound.CommandThread.run(CommandThread.java:121)
[22:51:26] [Sound Library Loader/WARN]: ERROR MESSAGE:
[22:51:26] [Sound Library Loader/INFO]: Could not locate OpenAL library.
[22:51:26] [Sound Library Loader/INFO]: Starting up SoundSystem...
[22:51:27] [Thread-10/INFO]: Switching to No Sound
[22:51:27] [Thread-10/INFO]: (Silent Mode)
[22:51:27] [Sound Library Loader/INFO]: Sound engine started
[22:51:29] [Client thread/INFO]: Created: 16x16 textures-atlas
[22:51:30] [Client thread/INFO]: [STDOUT]: Init Test
[22:51:30] [Client thread/INFO]: [STDOUT]: PostInit Test
[22:51:30] [Client thread/INFO]: Reloading ResourceManager: Default, FMLFileResourcePack:Forge Mod Loader, FMLFileResourcePack:Minecraft Forge, FMLFileResourcePack:My Mod
[22:51:32] [Client thread/INFO]: SoundSystem shutting down...
[22:51:32] [Client thread/WARN]: Author: Paul Lamb, www.paulscode.com
[22:51:32] [Sound Library Loader/INFO]: Starting up SoundSystem...
[22:51:32] [Thread-12/INFO]: Initializing LWJGL OpenAL
[22:51:32] [Thread-12/INFO]: (The LWJGL binding of OpenAL.  For more information, see http://www.lwjgl.org)
[22:51:32] [Thread-12/INFO]: OpenAL initialized.
[22:51:32] [Sound Library Loader/INFO]: Sound engine started
[22:51:35] [Client thread/INFO]: Created: 512x512 textures-atlas
[22:51:36] [Client thread/WARN]: Skipping bad option: lastServer:
[22:51:36] [Realms Notification Availability checker #1/INFO]: Could not authorize you against Realms server: Invalid session id
[22:53:01] [Server thread/INFO]: Starting integrated minecraft server version 1.11.2
[22:53:01] [Server thread/INFO]: Generating keypair
[22:53:01] [Server thread/INFO]: Preparing start region for level 0
[22:53:02] [Server thread/INFO]: Preparing spawn area: 60%
[22:53:03] [Server thread/INFO]: Changing view distance to 12, from 10
[22:53:04] [Server thread/INFO]: Player958[local:E:fa3b49bc] logged in with entity id 348 at (124.86325062808513, 63.0, 286.5914750512308)
[22:53:04] [Server thread/INFO]: Player958 joined the game
[22:53:05] [Server thread/INFO]: Saving and pausing game...
[22:53:05] [Server thread/INFO]: Saving chunks for level 'New World'/Overworld
[22:53:05] [Server thread/INFO]: Saving chunks for level 'New World'/Nether
[22:53:05] [Server thread/INFO]: Saving chunks for level 'New World'/The End
[22:53:05] [pool-2-thread-1/WARN]: Couldn't look up profile properties for com.mojang.authlib.GameProfile@4942de59[id=4805b7f8-997e-33ab-826d-ca981b97526b,name=Player958,properties={},legacy=false]
com.mojang.authlib.exceptions.AuthenticationException: The client has sent too many requests within a certain amount of time
	at com.mojang.authlib.yggdrasil.YggdrasilAuthenticationService.makeRequest(YggdrasilAuthenticationService.java:79) ~[YggdrasilAuthenticationService.class:?]
	at com.mojang.authlib.yggdrasil.YggdrasilMinecraftSessionService.fillGameProfile(YggdrasilMinecraftSessionService.java:180) [YggdrasilMinecraftSessionService.class:?]
	at com.mojang.authlib.yggdrasil.YggdrasilMinecraftSessionService$1.load(YggdrasilMinecraftSessionService.java:60) [YggdrasilMinecraftSessionService$1.class:?]
	at com.mojang.authlib.yggdrasil.YggdrasilMinecraftSessionService$1.load(YggdrasilMinecraftSessionService.java:57) [YggdrasilMinecraftSessionService$1.class:?]
	at com.google.common.cache.LocalCache$LoadingValueReference.loadFuture(LocalCache.java:3524) [guava-17.0.jar:?]
	at com.google.common.cache.LocalCache$Segment.loadSync(LocalCache.java:2317) [guava-17.0.jar:?]
	at com.google.common.cache.LocalCache$Segment.lockedGetOrLoad(LocalCache.java:2280) [guava-17.0.jar:?]
	at com.google.common.cache.LocalCache$Segment.get(LocalCache.java:2195) [guava-17.0.jar:?]
	at com.google.common.cache.LocalCache.get(LocalCache.java:3934) [guava-17.0.jar:?]
	at com.google.common.cache.LocalCache.getOrLoad(LocalCache.java:3938) [guava-17.0.jar:?]
	at com.google.common.cache.LocalCache$LocalLoadingCache.get(LocalCache.java:4821) [guava-17.0.jar:?]
	at com.google.common.cache.LocalCache$LocalLoadingCache.getUnchecked(LocalCache.java:4827) [guava-17.0.jar:?]
	at com.mojang.authlib.yggdrasil.YggdrasilMinecraftSessionService.fillProfileProperties(YggdrasilMinecraftSessionService.java:170) [YggdrasilMinecraftSessionService.class:?]
	at net.minecraft.client.Minecraft.getProfileProperties(Minecraft.java:3056) [Minecraft.class:?]
	at net.minecraft.client.resources.SkinManager$3.run(SkinManager.java:138) [SkinManager$3.class:?]
	at java.util.concurrent.Executors$RunnableAdapter.call(Unknown Source) [?:1.8.0_121]
	at java.util.concurrent.FutureTask.run(Unknown Source) [?:1.8.0_121]
	at java.util.concurrent.ThreadPoolExecutor.runWorker(Unknown Source) [?:1.8.0_121]
	at java.util.concurrent.ThreadPoolExecutor$Worker.run(Unknown Source) [?:1.8.0_121]
	at java.lang.Thread.run(Unknown Source) [?:1.8.0_121]
[22:53:08] [Server thread/INFO]: Saving and pausing game...
[22:53:08] [Server thread/INFO]: Saving chunks for level 'New World'/Overworld
[22:53:08] [Server thread/INFO]: Saving chunks for level 'New World'/Nether
[22:53:08] [Server thread/INFO]: Saving chunks for level 'New World'/The End
[22:53:57] [Server thread/INFO]: Saving and pausing game...
[22:53:57] [Server thread/INFO]: Saving chunks for level 'New World'/Overworld
[22:53:57] [Server thread/INFO]: Saving chunks for level 'New World'/Nether
[22:53:57] [Server thread/INFO]: Saving chunks for level 'New World'/The End
[22:54:00] [Server thread/INFO]: Saving and pausing game...
[22:54:00] [Server thread/INFO]: Saving chunks for level 'New World'/Overworld
[22:54:00] [Server thread/INFO]: Saving chunks for level 'New World'/Nether
[22:54:00] [Server thread/INFO]: Saving chunks for level 'New World'/The End
[22:54:02] [Server thread/INFO]: Saving and pausing game...
[22:54:02] [Server thread/INFO]: Saving chunks for level 'New World'/Overworld
[22:54:02] [Server thread/INFO]: Saving chunks for level 'New World'/Nether
[22:54:02] [Server thread/INFO]: Saving chunks for level 'New World'/The End
[22:54:34] [Server thread/INFO]: Saving and pausing game...
[22:54:34] [Server thread/INFO]: Saving chunks for level 'New World'/Overworld
[22:54:34] [Server thread/INFO]: Saving chunks for level 'New World'/Nether
[22:54:34] [Server thread/INFO]: Saving chunks for level 'New World'/The End
[22:57:58] [Server thread/INFO]: [Player958: Set the time to 800]
[22:57:58] [Client thread/INFO]: [CHAT] Set the time to 800
[22:59:24] [Server thread/INFO]: Saving and pausing game...
[22:59:24] [Server thread/INFO]: Saving chunks for level 'New World'/Overworld
[22:59:24] [Server thread/INFO]: Saving chunks for level 'New World'/Nether
[22:59:24] [Server thread/INFO]: Saving chunks for level 'New World'/The End
[22:59:43] [Server thread/INFO]: Saving and pausing game...
[22:59:43] [Server thread/INFO]: Saving chunks for level 'New World'/Overworld
[22:59:43] [Server thread/INFO]: Saving chunks for level 'New World'/Nether
[22:59:43] [Server thread/INFO]: Saving chunks for level 'New World'/The End
[22:59:59] [Server thread/INFO]: Saving and pausing game...
[22:59:59] [Server thread/INFO]: Saving chunks for level 'New World'/Overworld
[22:59:59] [Server thread/INFO]: Saving chunks for level 'New World'/Nether
[22:59:59] [Server thread/INFO]: Saving chunks for level 'New World'/The End
[23:01:14] [Server thread/INFO]: Saving and pausing game...
[23:01:14] [Server thread/INFO]: Saving chunks for level 'New World'/Overworld
[23:01:15] [Server thread/INFO]: Saving chunks for level 'New World'/Nether
[23:01:15] [Server thread/INFO]: Saving chunks for level 'New World'/The End
[23:01:25] [Server thread/INFO]: Saving and pausing game...
[23:01:25] [Server thread/INFO]: Saving chunks for level 'New World'/Overworld
[23:01:25] [Server thread/INFO]: Saving chunks for level 'New World'/Nether
[23:01:25] [Server thread/INFO]: Saving chunks for level 'New World'/The End
[23:01:44] [Server thread/INFO]: Saving and pausing game...
[23:01:44] [Server thread/INFO]: Saving chunks for level 'New World'/Overworld
[23:01:44] [Server thread/INFO]: Saving chunks for level 'New World'/Nether
[23:01:44] [Server thread/INFO]: Saving chunks for level 'New World'/The End
[23:01:46] [Server thread/INFO]: Stopping server
[23:01:46] [Server thread/INFO]: Saving players
[23:01:46] [Server thread/INFO]: Player958 lost connection: TextComponent{text='Disconnected', siblings=[], style=Style{hasParent=false, color=null, bold=null, italic=null, underlined=null, obfuscated=null, clickEvent=null, hoverEvent=null, insertion=null}}
[23:01:46] [Server thread/INFO]: Player958 left the game
[23:01:46] [Server thread/INFO]: Stopping singleplayer server as player logged out
[23:01:46] [Server thread/INFO]: Saving worlds
[23:01:46] [Server thread/INFO]: Saving chunks for level 'New World'/Overworld
[23:01:46] [Server thread/INFO]: Saving chunks for level 'New World'/Nether
[23:01:46] [Server thread/INFO]: Saving chunks for level 'New World'/The End
[23:01:57] [Client thread/INFO]: Stopping!
[23:01:57] [Client thread/INFO]: SoundSystem shutting down...
[23:01:57] [Client thread/WARN]: Author: Paul Lamb, www.paulscode.com
